2018-08-09 08:55:50,119 [5656] INFO  VpowerUwF4Client.Program - Program Start...
2018-08-09 08:55:50,142 [5656] INFO  VpowerUwF4Client.Program - Log File Check...
2018-08-09 08:55:50,164 [5656] INFO  VpowerUwF4Client.Program - Sno Data Check...
2018-08-09 08:55:50,663 [5656] INFO  VpowerUwF4Client.Program - Transactions sequence updating...
2018-08-09 08:55:50,710 [5656] INFO  VpowerUwF4Client.Program - Transactions sequence is 1
2018-08-09 08:55:50,719 [5656] INFO  VpowerUwF4Client.Program - ServerIp is 0.0.0.0
2018-08-09 08:55:50,726 [5656] INFO  VpowerUwF4Client.Program - ServerPort is 8000

2018-08-09 08:55:50,733 [5656] INFO  VpowerUwF4Client.Program - CSPBC ServerEnable is False
2018-08-09 12:26:01,637 [14040] INFO  VpowerUwF4Client.Program - Program Start...
2018-08-09 12:26:01,722 [14040] INFO  VpowerUwF4Client.Program - Log File Check...
2018-08-09 12:26:02,022 [14040] INFO  VpowerUwF4Client.Program - Sno Data Check...
2018-08-09 12:26:03,054 [14040] INFO  VpowerUwF4Client.Program - Transactions sequence updating...
2018-08-09 12:26:03,121 [14040] INFO  VpowerUwF4Client.Program - Transactions sequence is 1
2018-08-09 12:26:03,138 [14040] INFO  VpowerUwF4Client.Program - ServerIp is 0.0.0.0
2018-08-09 12:26:03,144 [14040] INFO  VpowerUwF4Client.Program - ServerPort is 8000

2018-08-09 12:26:03,150 [14040] INFO  VpowerUwF4Client.Program - CSPBC ServerEnable is False
2018-08-09 12:26:24,398 [13608] INFO  VpowerUwF4Client.Program - Program Start...
2018-08-09 12:26:24,408 [13608] INFO  VpowerUwF4Client.Program - Log File Check...
2018-08-09 12:26:24,423 [13608] INFO  VpowerUwF4Client.Program - Sno Data Check...
2018-08-09 12:26:24,603 [13608] INFO  VpowerUwF4Client.Program - Transactions sequence updating...
2018-08-09 12:26:24,622 [13608] INFO  VpowerUwF4Client.Program - Transactions sequence is 1
2018-08-09 12:26:24,633 [13608] INFO  VpowerUwF4Client.Program - ServerIp is 0.0.0.0
2018-08-09 12:26:24,635 [13608] INFO  VpowerUwF4Client.Program - ServerPort is 8000

2018-08-09 12:26:24,638 [13608] INFO  VpowerUwF4Client.Program - CSPBC ServerEnable is False
