2018-07-24 08:57:02,522 [4112] INFO  VpowerUwF4Client.Program - Program Start...
2018-07-24 08:57:02,537 [4112] INFO  VpowerUwF4Client.Program - Log File Check...
2018-07-24 08:57:02,662 [4112] INFO  VpowerUwF4Client.Program - Sno Data Check...
2018-07-24 08:57:03,584 [4112] INFO  VpowerUwF4Client.Program - Transactions sequence updating...
2018-07-24 08:57:03,615 [4112] INFO  VpowerUwF4Client.Program - Transactions sequence is 1
2018-07-24 08:57:03,646 [4112] INFO  VpowerUwF4Client.Program - ServerIp is 0.0.0.0
2018-07-24 08:57:03,662 [4112] INFO  VpowerUwF4Client.Program - ServerPort is 8000

2018-07-24 08:57:03,662 [4112] INFO  VpowerUwF4Client.Program - CSPBC ServerEnable is False
2018-07-24 08:59:43,145 [11032] INFO  CommandServer.ClientManager - Start Receive...Step1
2018-07-24 08:59:43,145 [8284] INFO  VpowerUwF4Client.Program - Client 192.168.1.25:63290 has been Connected. ( 2018-07-24|8:59:43 )
2018-07-24 08:59:45,738 [11032] INFO  CommandServer.ClientManager - Start Receive...Step2
2018-07-24 08:59:45,738 [11032] INFO  CommandServer.ClientManager - Start Receive...Step3
2018-07-24 08:59:45,738 [11032] INFO  CommandServer.ClientManager - UWF4 001000 Transaction Start !
2018-07-24 08:59:45,738 [11032] INFO  VpowerUwF4Client.Program - Client 192.168.1.25:63290 has been Disconnected. ( 2018-07-24|8:59:45 )
2018-07-24 09:01:50,370 [9096] INFO  VpowerUwF4Client.Program - Program Start...
2018-07-24 09:01:50,385 [9096] INFO  VpowerUwF4Client.Program - Log File Check...
2018-07-24 09:01:50,401 [9096] INFO  VpowerUwF4Client.Program - Sno Data Check...
2018-07-24 09:01:51,010 [9096] INFO  VpowerUwF4Client.Program - Transactions sequence updating...
2018-07-24 09:01:51,026 [9096] INFO  VpowerUwF4Client.Program - Transactions sequence is 1
2018-07-24 09:01:51,073 [9096] INFO  VpowerUwF4Client.Program - ServerIp is 0.0.0.0
2018-07-24 09:01:51,073 [9096] INFO  VpowerUwF4Client.Program - ServerPort is 8000

2018-07-24 09:01:51,088 [9096] INFO  VpowerUwF4Client.Program - CSPBC ServerEnable is False
2018-07-24 09:02:56,251 [7060] INFO  VpowerUwF4Client.Program - Client 192.168.1.25:63945 has been Connected. ( 2018-07-24|9:02:56 )
2018-07-24 09:02:56,251 [10984] INFO  CommandServer.ClientManager - Start Receive...Step1
2018-07-24 09:02:58,109 [10984] INFO  CommandServer.ClientManager - Start Receive...Step2
2018-07-24 09:02:58,111 [10984] INFO  CommandServer.ClientManager - Start Receive...Step3
2018-07-24 09:02:58,116 [10984] INFO  CommandServer.ClientManager - UWF4 001000 Transaction Start !
2018-07-24 09:03:02,664 [10984] INFO  CommandServer.ClientManager - Start Receive...Step1
2018-07-24 09:03:08,027 [10984] ERROR CommandServer.ClientManager - <Err> at $StartReceive()$ Exception - System.IO.IOException: 転送接続からデータを読み取れません: 接続済みの呼び出し先が一定の時間を過ぎても正しく応答しなかったため、接続できませんでした。または接続済みのホストが応答しなかったため、確立された接続は失敗しました。。 ---> System.Net.Sockets.SocketException: 接続済みの呼び出し先が一定の時間を過ぎても正しく応答しなかったため、接続できませんでした。または接続済みのホストが応答しなかったため、確立された接続は失敗しました。
   場所 System.Net.Sockets.Socket.Receive(Byte[] buffer, Int32 offset, Int32 size, SocketFlags socketFlags)
   場所 System.Net.Sockets.NetworkStream.Read(Byte[] buffer, Int32 offset, Int32 size)
   --- 内部例外スタック トレースの終わり ---
   場所 System.Net.Sockets.NetworkStream.Read(Byte[] buffer, Int32 offset, Int32 size)
   場所 CommandServer.ClientManager.StartReceive(Object sender, DoWorkEventArgs e) 場所 h:\FileTool\06_V1.0_VpowerUwF4Client\CommandServer\ClientManager.cs:行 122.
